#
# There is insufficient memory for the Java Runtime Environment to continue.
# Native memory allocation (malloc) failed to allocate 1179056 bytes for Chunk::new
# Possible reasons:
#   The system is out of physical RAM or swap space
#   In 32 bit mode, the process size limit was hit
# Possible solutions:
#   Reduce memory load on the system
#   Increase physical memory or swap space
#   Check if swap backing store is full
#   Use 64 bit Java on a 64 bit OS
#   Decrease Java heap size (-Xmx/-Xms)
#   Decrease number of Java threads
#   Decrease Java thread stack sizes (-Xss)
#   Set larger code cache with -XX:ReservedCodeCacheSize=
# This output file may be truncated or incomplete.
#
#  Out of Memory Error (allocation.cpp:390), pid=2528, tid=0x0000000000002774
#
# JRE version: Java(TM) SE Runtime Environment (8.0_102-b14) (build 1.8.0_102-b14)
# Java VM: Java HotSpot(TM) 64-Bit Server VM (25.102-b14 mixed mode windows-amd64 compressed oops)
# Failed to write core dump. Minidumps are not enabled by default on client versions of Windows
#

---------------  T H R E A D  ---------------

Current thread (0x00000000193fa000):  JavaThread "C2 CompilerThread1" daemon [_thread_in_native, id=10100, stack(0x0000000019af0000,0x0000000019bf0000)]

Stack: [0x0000000019af0000,0x0000000019bf0000]
[error occurred during error reporting (printing stack bounds), id 0xc0000005]

Native frames: (J=compiled Java code, j=interpreted, Vv=VM code, C=native code)


Current CompileTask:
C2:   7982 4393   !   4       org.apache.catalina.startup.ContextConfig::checkHandlesTypes (453 bytes)


---------------  P R O C E S S  ---------------

Java Threads: ( => current thread )
  0x000000001c2ae800 JavaThread "localhost-startStop-1" daemon [_thread_in_Java, id=16148, stack(0x0000000020850000,0x0000000020950000)]
  0x00000000196e2000 JavaThread "Tomcat-startStop-1" daemon [_thread_blocked, id=9504, stack(0x0000000020750000,0x0000000020850000)]
  0x0000000019471000 JavaThread "Service Thread" daemon [_thread_blocked, id=19240, stack(0x0000000019cf0000,0x0000000019df0000)]
  0x0000000019406800 JavaThread "C1 CompilerThread2" daemon [_thread_blocked, id=17648, stack(0x0000000019bf0000,0x0000000019cf0000)]
=>0x00000000193fa000 JavaThread "C2 CompilerThread1" daemon [_thread_in_native, id=10100, stack(0x0000000019af0000,0x0000000019bf0000)]
  0x000000001809c800 JavaThread "C2 CompilerThread0" daemon [_thread_in_native, id=5112, stack(0x00000000199f0000,0x0000000019af0000)]
  0x000000001804e000 JavaThread "Attach Listener" daemon [_thread_blocked, id=11888, stack(0x00000000198f0000,0x00000000199f0000)]
  0x00000000193f8800 JavaThread "Signal Dispatcher" daemon [_thread_blocked, id=12728, stack(0x00000000197f0000,0x00000000198f0000)]
  0x000000001802a800 JavaThread "Finalizer" daemon [_thread_blocked, id=9532, stack(0x0000000019290000,0x0000000019390000)]
  0x0000000018008800 JavaThread "Reference Handler" daemon [_thread_blocked, id=6316, stack(0x0000000019190000,0x0000000019290000)]
  0x00000000034f0800 JavaThread "main" [_thread_blocked, id=9292, stack(0x0000000003040000,0x0000000003140000)]

Other Threads:
  0x0000000018007000 VMThread [stack: 0x0000000019090000,0x0000000019190000] [id=6520]
  0x00000000194a6000 WatcherThread [stack: 0x0000000019df0000,0x0000000019ef0000] [id=2740]

VM state:not at safepoint (normal execution)

VM Mutex/Monitor currently owned by a thread: None

Heap:
 PSYoungGen      total 96256K, used 51814K [0x00000000d6600000, 0x00000000dd880000, 0x0000000100000000)
  eden space 75264K, 51% used [0x00000000d6600000,0x00000000d8bba420,0x00000000daf80000)
  from space 20992K, 62% used [0x00000000dc400000,0x00000000dd0df6a8,0x00000000dd880000)
  to   space 20992K, 0% used [0x00000000daf80000,0x00000000daf80000,0x00000000dc400000)
 ParOldGen       total 82944K, used 29663K [0x0000000083200000, 0x0000000088300000, 0x00000000d6600000)
  object space 82944K, 35% used [0x0000000083200000,0x0000000084ef7dd0,0x0000000088300000)
 Metaspace       used 28034K, capacity 28664K, committed 28928K, reserved 1075200K
  class space    used 3358K, capacity 3525K, committed 3584K, reserved 1048576K

Card table byte_map: [0x00000000129b0000,0x0000000012da0000] byte_map_base: 0x0000000012597000

Marking Bits: (ParMarkBitMap*) 0x0000000072e6a6c0
 Begin Bits: [0x0000000013440000, 0x0000000015378000)
 End Bits:   [0x0000000015378000, 0x00000000172b0000)

Polling page: 0x0000000003020000

CodeCache: size=245760Kb used=12601Kb max_used=13969Kb free=233158Kb
 bounds [0x00000000035f0000, 0x0000000004400000, 0x00000000125f0000]
 total_blobs=4118 nmethods=3705 adapters=325
 compilation: enabled

Compilation events (10 events):
Event: 7.687 Thread 0x000000001809c800 nmethod 4383 0x0000000004330e50 code [0x0000000004330fa0, 0x0000000004331098]
Event: 7.687 Thread 0x000000001809c800 4387       4       org.apache.tomcat.util.bcel.classfile.LocalVariableTypeTable::<init> (67 bytes)
Event: 7.690 Thread 0x000000001809c800 nmethod 4387 0x0000000003b1cb90 code [0x0000000003b1cd00, 0x0000000003b1d018]
Event: 7.690 Thread 0x000000001809c800 4390   !   4       org.apache.catalina.startup.ContextConfig::populateJavaClassCache (159 bytes)
Event: 7.705 Thread 0x00000000193fa000 nmethod 4381 0x0000000003edb050 code [0x0000000003edb6a0, 0x0000000003edec30]
Event: 7.705 Thread 0x00000000193fa000 4392   !   4       java.util.zip.ZipFile$ZipFileInflaterInputStream::close (67 bytes)
Event: 7.716 Thread 0x00000000193fa000 nmethod 4392 0x00000000039211d0 code [0x00000000039213a0, 0x00000000039222e0]
Event: 7.716 Thread 0x00000000193fa000 4391  s    4       java.util.jar.JarFile::getInputStream (89 bytes)
Event: 7.726 Thread 0x00000000193fa000 nmethod 4391 0x0000000003a00bd0 code [0x0000000003a00d80, 0x0000000003a01680]
Event: 7.726 Thread 0x00000000193fa000 4393   !   4       org.apache.catalina.startup.ContextConfig::checkHandlesTypes (453 bytes)

GC Heap History (10 events):
Event: 6.766 GC heap before
{Heap before GC invocations=7 (full 1):
 PSYoungGen      total 70656K, used 65536K [0x00000000d6600000, 0x00000000db000000, 0x0000000100000000)
  eden space 65536K, 100% used [0x00000000d6600000,0x00000000da600000,0x00000000da600000)
  from space 5120K, 0% used [0x00000000da600000,0x00000000da600000,0x00000000dab00000)
  to   space 5120K, 0% used [0x00000000dab00000,0x00000000dab00000,0x00000000db000000)
 ParOldGen       total 82944K, used 17630K [0x0000000083200000, 0x0000000088300000, 0x00000000d6600000)
  object space 82944K, 21% used [0x0000000083200000,0x0000000084337880,0x0000000088300000)
 Metaspace       used 27466K, capacity 28078K, committed 28416K, reserved 1075200K
  class space    used 3295K, capacity 3459K, committed 3584K, reserved 1048576K
Event: 6.773 GC heap after
Heap after GC invocations=7 (full 1):
 PSYoungGen      total 61952K, used 5106K [0x00000000d6600000, 0x00000000dd180000, 0x0000000100000000)
  eden space 56832K, 0% used [0x00000000d6600000,0x00000000d6600000,0x00000000d9d80000)
  from space 5120K, 99% used [0x00000000dab00000,0x00000000daffcb30,0x00000000db000000)
  to   space 13824K, 0% used [0x00000000d9d80000,0x00000000d9d80000,0x00000000dab00000)
 ParOldGen       total 82944K, used 20562K [0x0000000083200000, 0x0000000088300000, 0x00000000d6600000)
  object space 82944K, 24% used [0x0000000083200000,0x00000000846149a0,0x0000000088300000)
 Metaspace       used 27466K, capacity 28078K, committed 28416K, reserved 1075200K
  class space    used 3295K, capacity 3459K, committed 3584K, reserved 1048576K
}
Event: 7.088 GC heap before
{Heap before GC invocations=8 (full 1):
 PSYoungGen      total 61952K, used 61938K [0x00000000d6600000, 0x00000000dd180000, 0x0000000100000000)
  eden space 56832K, 100% used [0x00000000d6600000,0x00000000d9d80000,0x00000000d9d80000)
  from space 5120K, 99% used [0x00000000dab00000,0x00000000daffcb30,0x00000000db000000)
  to   space 13824K, 0% used [0x00000000d9d80000,0x00000000d9d80000,0x00000000dab00000)
 ParOldGen       total 82944K, used 20562K [0x0000000083200000, 0x0000000088300000, 0x00000000d6600000)
  object space 82944K, 24% used [0x0000000083200000,0x00000000846149a0,0x0000000088300000)
 Metaspace       used 28004K, capacity 28628K, committed 28928K, reserved 1075200K
  class space    used 3355K, capacity 3493K, committed 3584K, reserved 1048576K
Event: 7.102 GC heap after
Heap after GC invocations=8 (full 1):
 PSYoungGen      total 70656K, used 13816K [0x00000000d6600000, 0x00000000dd180000, 0x0000000100000000)
  eden space 56832K, 0% used [0x00000000d6600000,0x00000000d6600000,0x00000000d9d80000)
  from space 13824K, 99% used [0x00000000d9d80000,0x00000000daafe260,0x00000000dab00000)
  to   space 16384K, 0% used [0x00000000dc180000,0x00000000dc180000,0x00000000dd180000)
 ParOldGen       total 82944K, used 21595K [0x0000000083200000, 0x0000000088300000, 0x00000000d6600000)
  object space 82944K, 26% used [0x0000000083200000,0x0000000084716f98,0x0000000088300000)
 Metaspace       used 28004K, capacity 28628K, committed 28928K, reserved 1075200K
  class space    used 3355K, capacity 3493K, committed 3584K, reserved 1048576K
}
Event: 7.395 GC heap before
{Heap before GC invocations=9 (full 1):
 PSYoungGen      total 70656K, used 70648K [0x00000000d6600000, 0x00000000dd180000, 0x0000000100000000)
  eden space 56832K, 100% used [0x00000000d6600000,0x00000000d9d80000,0x00000000d9d80000)
  from space 13824K, 99% used [0x00000000d9d80000,0x00000000daafe260,0x00000000dab00000)
  to   space 16384K, 0% used [0x00000000dc180000,0x00000000dc180000,0x00000000dd180000)
 ParOldGen       total 82944K, used 21595K [0x0000000083200000, 0x0000000088300000, 0x00000000d6600000)
  object space 82944K, 26% used [0x0000000083200000,0x0000000084716f98,0x0000000088300000)
 Metaspace       used 28020K, capacity 28660K, committed 28928K, reserved 1075200K
  class space    used 3357K, capacity 3525K, committed 3584K, reserved 1048576K
Event: 7.413 GC heap after
Heap after GC invocations=9 (full 1):
 PSYoungGen      total 73216K, used 16362K [0x00000000d6600000, 0x00000000dd180000, 0x0000000100000000)
  eden space 56832K, 0% used [0x00000000d6600000,0x00000000d6600000,0x00000000d9d80000)
  from space 16384K, 99% used [0x00000000dc180000,0x00000000dd17aaf0,0x00000000dd180000)
  to   space 13824K, 0% used [0x00000000d9d80000,0x00000000d9d80000,0x00000000dab00000)
 ParOldGen       total 82944K, used 23087K [0x0000000083200000, 0x0000000088300000, 0x00000000d6600000)
  object space 82944K, 27% used [0x0000000083200000,0x000000008488bdb8,0x0000000088300000)
 Metaspace       used 28020K, capacity 28660K, committed 28928K, reserved 1075200K
  class space    used 3357K, capacity 3525K, committed 3584K, reserved 1048576K
}
Event: 7.596 GC heap before
{Heap before GC invocations=10 (full 1):
 PSYoungGen      total 73216K, used 73194K [0x00000000d6600000, 0x00000000dd180000, 0x0000000100000000)
  eden space 56832K, 100% used [0x00000000d6600000,0x00000000d9d80000,0x00000000d9d80000)
  from space 16384K, 99% used [0x00000000dc180000,0x00000000dd17aaf0,0x00000000dd180000)
  to   space 13824K, 0% used [0x00000000d9d80000,0x00000000d9d80000,0x00000000dab00000)
 ParOldGen       total 82944K, used 23087K [0x0000000083200000, 0x0000000088300000, 0x00000000d6600000)
  object space 82944K, 27% used [0x0000000083200000,0x000000008488bdb8,0x0000000088300000)
 Metaspace       used 28022K, capacity 28660K, committed 28928K, reserved 1075200K
  class space    used 3357K, capacity 3525K, committed 3584K, reserved 1048576K
Event: 7.610 GC heap after
Heap after GC invocations=10 (full 1):
 PSYoungGen      total 70656K, used 13813K [0x00000000d6600000, 0x00000000dd900000, 0x0000000100000000)
  eden space 56832K, 0% used [0x00000000d6600000,0x00000000d6600000,0x00000000d9d80000)
  from space 13824K, 99% used [0x00000000d9d80000,0x00000000daafd658,0x00000000dab00000)
  to   space 21504K, 0% used [0x00000000dc400000,0x00000000dc400000,0x00000000dd900000)
 ParOldGen       total 82944K, used 27599K [0x0000000083200000, 0x0000000088300000, 0x00000000d6600000)
  object space 82944K, 33% used [0x0000000083200000,0x0000000084cf3db0,0x0000000088300000)
 Metaspace       used 28022K, capacity 28660K, committed 28928K, reserved 1075200K
  class space    used 3357K, capacity 3525K, committed 3584K, reserved 1048576K
}
Event: 7.852 GC heap before
{Heap before GC invocations=11 (full 1):
 PSYoungGen      total 70656K, used 70645K [0x00000000d6600000, 0x00000000dd900000, 0x0000000100000000)
  eden space 56832K, 100% used [0x00000000d6600000,0x00000000d9d80000,0x00000000d9d80000)
  from space 13824K, 99% used [0x00000000d9d80000,0x00000000daafd658,0x00000000dab00000)
  to   space 21504K, 0% used [0x00000000dc400000,0x00000000dc400000,0x00000000dd900000)
 ParOldGen       total 82944K, used 27599K [0x0000000083200000, 0x0000000088300000, 0x00000000d6600000)
  object space 82944K, 33% used [0x0000000083200000,0x0000000084cf3db0,0x0000000088300000)
 Metaspace       used 28025K, capacity 28660K, committed 28928K, reserved 1075200K
  class space    used 3357K, capacity 3525K, committed 3584K, reserved 1048576K
Event: 7.864 GC heap after
Heap after GC invocations=11 (full 1):
 PSYoungGen      total 96256K, used 13181K [0x00000000d6600000, 0x00000000dd880000, 0x0000000100000000)
  eden space 75264K, 0% used [0x00000000d6600000,0x00000000d6600000,0x00000000daf80000)
  from space 20992K, 62% used [0x00000000dc400000,0x00000000dd0df6a8,0x00000000dd880000)
  to   space 20992K, 0% used [0x00000000daf80000,0x00000000daf80000,0x00000000dc400000)
 ParOldGen       total 82944K, used 29663K [0x0000000083200000, 0x0000000088300000, 0x00000000d6600000)
  object space 82944K, 35% used [0x0000000083200000,0x0000000084ef7dd0,0x0000000088300000)
 Metaspace       used 28025K, capacity 28660K, committed 28928K, reserved 1075200K
  class space    used 3357K, capacity 3525K, committed 3584K, reserved 1048576K
}

Deoptimization events (10 events):
Event: 6.798 Thread 0x000000001c2ae800 Uncommon trap: reason=unstable_if action=reinterpret pc=0x000000000378d608 method=com.sun.org.apache.xerces.internal.impl.io.UTF8Reader.read([CII)I @ 131
Event: 6.798 Thread 0x000000001c2ae800 Uncommon trap: reason=unstable_if action=reinterpret pc=0x000000000437ce90 method=com.sun.org.apache.xerces.internal.impl.XMLEntityScanner.scanLiteral(ILcom/sun/org/apache/xerces/internal/xni/XMLString;Z)I @ 587
Event: 6.800 Thread 0x000000001c2ae800 Uncommon trap: reason=unstable_if action=reinterpret pc=0x0000000004201078 method=java.lang.StringCoding.decode(Ljava/lang/String;[BII)[C @ 51
Event: 7.022 Thread 0x000000001c2ae800 Uncommon trap: reason=unstable_if action=reinterpret pc=0x0000000003e0cb48 method=java.io.DataInputStream.readUTF(Ljava/io/DataInput;)Ljava/lang/String; @ 112
Event: 7.077 Thread 0x000000001c2ae800 Uncommon trap: reason=unstable_if action=reinterpret pc=0x000000000393e820 method=org.apache.tomcat.util.bcel.classfile.ConstantUtf8$1.removeEldestEntry(Ljava/util/Map$Entry;)Z @ 7
Event: 7.103 Thread 0x000000001802a800 Uncommon trap: reason=unstable_if action=reinterpret pc=0x00000000038940c0 method=java.util.WeakHashMap.eq(Ljava/lang/Object;Ljava/lang/Object;)Z @ 10
Event: 7.207 Thread 0x000000001c2ae800 Uncommon trap: reason=unstable_if action=reinterpret pc=0x0000000003b36164 method=java.util.HashMap.removeNode(ILjava/lang/Object;Ljava/lang/Object;ZZ)Ljava/util/HashMap$Node; @ 71
Event: 7.286 Thread 0x000000001c2ae800 Uncommon trap: reason=unstable_if action=reinterpret pc=0x0000000004294718 method=org.codehaus.plexus.classworlds.realm.Entry.matches(Ljava/lang/String;)Z @ 209
Event: 7.315 Thread 0x000000001c2ae800 Uncommon trap: reason=unstable_if action=reinterpret pc=0x00000000042a1668 method=java.util.HashMap.removeNode(ILjava/lang/Object;Ljava/lang/Object;ZZ)Ljava/util/HashMap$Node; @ 71
Event: 7.615 Thread 0x000000001c2ae800 Uncommon trap: reason=unloaded action=reinterpret pc=0x00000000043cfbb8 method=org.apache.tomcat.util.bcel.classfile.Attribute.readAttribute(Ljava/io/DataInputStream;Lorg/apache/tomcat/util/bcel/classfile/ConstantPool;)Lorg/apache/tomcat/util/bcel/classfilEƒõê1@

Internal exceptions (10 events):
Event: 1.486 Thread 0x00000000034f0800 Implicit null exception at 0x00000000038a292f to 0x00000000038a2999
Event: 1.510 Thread 0x00000000034f0800 Implicit null exception at 0x0000000003bd8f63 to 0x0000000003bd938d
Event: 1.527 Thread 0x00000000034f0800 Implicit null exception at 0x000000000390803b to 0x000000000390861d
Event: 2.463 Thread 0x00000000034f0800 Exception <a 'java/lang/ClassNotFoundException': com/sun/tools/javac/api/JavacTool> (0x00000000d7e1d6e8) thrown at [C:\re\workspace\8-2-build-windows-amd64-cygwin\jdk8u102\7268\hotspot\src\share\vm\classfile\systemDictionary.cpp, line 210]
Event: 2.809 Thread 0x00000000034f0800 Exception <a 'java/io/FileNotFoundException'> (0x00000000d90a0b78) thrown at [C:\re\workspace\8-2-build-windows-amd64-cygwin\jdk8u102\7268\hotspot\src\share\vm\prims\jni.cpp, line 709]
Event: 2.812 Thread 0x00000000034f0800 Exception <a 'java/io/FileNotFoundException'> (0x00000000d90d45c8) thrown at [C:\re\workspace\8-2-build-windows-amd64-cygwin\jdk8u102\7268\hotspot\src\share\vm\prims\jni.cpp, line 709]
Event: 4.504 Thread 0x00000000034f0800 Exception <a 'java/io/FileNotFoundException'> (0x00000000d8bd4e08) thrown at [C:\re\workspace\8-2-build-windows-amd64-cygwin\jdk8u102\7268\hotspot\src\share\vm\prims\jni.cpp, line 709]
Event: 6.677 Thread 0x000000001c2ae800 Implicit null exception at 0x00000000041fdd59 to 0x00000000041fea69
Event: 6.727 Thread 0x000000001c2ae800 Implicit null exception at 0x000000000390b896 to 0x000000000390bc31
Event: 6.727 Thread 0x000000001c2ae800 Implicit null exception at 0x000000000380b116 to 0x000000000380b4b9

Events (10 events):
Event: 7.852 Executing VM operation: ParallelGCFailedAllocation
Event: 7.864 Executing VM operation: ParallelGCFailedAllocation done
Event: 7.864 Executing VM operation: RevokeBias
Event: 7.864 Executing VM operation: RevokeBias done
Event: 7.864 Executing VM operation: RevokeBias
Event: 7.864 Executing VM operation: RevokeBias done
Event: 7.865 Executing VM operation: RevokeBias
Event: 7.865 Executing VM operation: RevokeBias done
Event: 7.867 Executing VM operation: RevokeBias
Event: 7.867 Executing VM operation: RevokeBias done


Dynamic libraries:
0x00007ff618050000 - 0x00007ff618087000 	E:\java\jdk1.8\bin\javaw.exe
0x00007ffb1b940000 - 0x00007ffb1bb30000 	C:\WINDOWS\SYSTEM32\ntdll.dll
0x00007ffb1aad0000 - 0x00007ffb1ab82000 	C:\WINDOWS\System32\KERNEL32.DLL
0x00007ffb18df0000 - 0x00007ffb19093000 	C:\WINDOWS\System32\KERNELBASE.dll
0x00007ffb19c30000 - 0x00007ffb19cd3000 	C:\WINDOWS\System32\ADVAPI32.dll
0x00007ffb1b4c0000 - 0x00007ffb1b55e000 	C:\WINDOWS\System32\msvcrt.dll
0x00007ffb1b560000 - 0x00007ffb1b5f7000 	C:\WINDOWS\System32\sechost.dll
0x00007ffb1b600000 - 0x00007ffb1b720000 	C:\WINDOWS\System32\RPCRT4.dll
0x00007ffb199f0000 - 0x00007ffb19b83000 	C:\WINDOWS\System32\USER32.dll
0x00007ffb190a0000 - 0x00007ffb190c1000 	C:\WINDOWS\System32\win32u.dll
0x00007ffb1a6e0000 - 0x00007ffb1a706000 	C:\WINDOWS\System32\GDI32.dll
0x00007ffb19850000 - 0x00007ffb199e4000 	C:\WINDOWS\System32\gdi32full.dll
0x00007ffb18d50000 - 0x00007ffb18dee000 	C:\WINDOWS\System32\msvcp_win.dll
0x00007ffb18c50000 - 0x00007ffb18d4a000 	C:\WINDOWS\System32\ucrtbase.dll
0x00007ffb08660000 - 0x00007ffb088e5000 	C:\WINDOWS\WinSxS\amd64_microsoft.windows.common-controls_6595b64144ccf1df_6.0.18362.356_none_e6c4af7d130f27cc\COMCTL32.dll
0x00007ffb1a790000 - 0x00007ffb1aac6000 	C:\WINDOWS\System32\combase.dll
0x00007ffb18b80000 - 0x00007ffb18c00000 	C:\WINDOWS\System32\bcryptPrimitives.dll
0x00007ffb19f00000 - 0x00007ffb19f2e000 	C:\WINDOWS\System32\IMM32.DLL
0x0000000072ef0000 - 0x0000000072fc1000 	E:\java\jdk1.8\jre\bin\msvcr100.dll
0x0000000072650000 - 0x0000000072eea000 	E:\java\jdk1.8\jre\bin\server\jvm.dll
0x00007ffb1a780000 - 0x00007ffb1a788000 	C:\WINDOWS\System32\PSAPI.DLL
0x00007ffb052e0000 - 0x00007ffb052ea000 	C:\WINDOWS\SYSTEM32\VERSION.dll
0x00007ffafe440000 - 0x00007ffafe449000 	C:\WINDOWS\SYSTEM32\WSOCK32.dll
0x00007ffb1a710000 - 0x00007ffb1a77f000 	C:\WINDOWS\System32\WS2_32.dll
0x00007ffb12950000 - 0x00007ffb12974000 	C:\WINDOWS\SYSTEM32\WINMM.dll
0x00007ffb12830000 - 0x00007ffb1285d000 	C:\WINDOWS\SYSTEM32\WINMMBASE.dll
0x00007ffb18b30000 - 0x00007ffb18b7a000 	C:\WINDOWS\System32\cfgmgr32.dll
0x00000000721b0000 - 0x00000000721bf000 	E:\java\jdk1.8\jre\bin\verify.dll
0x0000000072180000 - 0x00000000721a9000 	E:\java\jdk1.8\jre\bin\java.dll
0x0000000072160000 - 0x0000000072176000 	E:\java\jdk1.8\jre\bin\zip.dll
0x00007ffb19f90000 - 0x00007ffb1a675000 	C:\WINDOWS\System32\SHELL32.dll
0x00007ffb1ab90000 - 0x00007ffb1ac39000 	C:\WINDOWS\System32\shcore.dll
0x00007ffb190d0000 - 0x00007ffb1984e000 	C:\WINDOWS\System32\windows.storage.dll
0x00007ffb188b0000 - 0x00007ffb188cf000 	C:\WINDOWS\System32\profapi.dll
0x00007ffb18840000 - 0x00007ffb1888a000 	C:\WINDOWS\System32\powrprof.dll
0x00007ffb18810000 - 0x00007ffb18820000 	C:\WINDOWS\System32\UMPDC.dll
0x00007ffb19cf0000 - 0x00007ffb19d42000 	C:\WINDOWS\System32\shlwapi.dll
0x00007ffb18820000 - 0x00007ffb18831000 	C:\WINDOWS\System32\kernel.appcore.dll
0x00007ffb18c30000 - 0x00007ffb18c47000 	C:\WINDOWS\System32\cryptsp.dll
0x00000000720f0000 - 0x000000007210a000 	E:\java\jdk1.8\jre\bin\net.dll
0x00007ffb18080000 - 0x00007ffb180e7000 	C:\WINDOWS\system32\mswsock.dll
0x0000000071da0000 - 0x0000000071db1000 	E:\java\jdk1.8\jre\bin\nio.dll
0x00007ffb17bf0000 - 0x00007ffb17c23000 	C:\WINDOWS\system32\rsaenh.dll
0x00007ffb18c00000 - 0x00007ffb18c26000 	C:\WINDOWS\System32\bcrypt.dll
0x00007ffb18730000 - 0x00007ffb18755000 	C:\WINDOWS\SYSTEM32\USERENV.dll
0x00007ffb18250000 - 0x00007ffb1825c000 	C:\WINDOWS\SYSTEM32\CRYPTBASE.dll
0x00007ffb17d90000 - 0x00007ffb17dca000 	C:\WINDOWS\SYSTEM32\IPHLPAPI.DLL
0x00007ffb19ce0000 - 0x00007ffb19ce8000 	C:\WINDOWS\System32\NSI.dll
0x00007ffb11c20000 - 0x00007ffb11c36000 	C:\WINDOWS\SYSTEM32\dhcpcsvc6.DLL
0x00007ffb11d50000 - 0x00007ffb11d6c000 	C:\WINDOWS\SYSTEM32\dhcpcsvc.DLL
0x00007ffb17dd0000 - 0x00007ffb17e9a000 	C:\WINDOWS\SYSTEM32\DNSAPI.dll
0x0000000071c30000 - 0x0000000071c3d000 	E:\java\jdk1.8\jre\bin\management.dll

VM Arguments:
jvm_args: -Dmaven.home=E:\maven\soft\apache-maven-3.3.3 -Dclassworlds.conf=D:\Eclipsemars\workspace\.metadata\.plugins\org.eclipse.m2e.launching\launches\m2conf5801285737479687849.tmp -Dmaven.multiModuleProjectDirectory=D:\Eclipsemars\workspace\ego-parent\ego-item -Dfile.encoding=UTF-8 
java_command: org.codehaus.plexus.classworlds.launcher.Launcher -B -s E:\maven\soft\apache-maven-3.3.3\conf\settings.xml clean tomcat7:run
java_class_path (initial): E:\maven\soft\apache-maven-3.3.3\boot\plexus-classworlds-2.5.2.jar
Launcher Type: SUN_STANDARD

Environment Variables:
JAVA_HOME=E:\java\jdk1.8
CLASSPATH=.;E:\java\jdk1.8\lib;E:\java\jdk1.8\lib\dt.jar;E:\java\jdk1.8\lib\tools.jar
PATH=E:/java/jdk1.8/jre/bin/server;E:/java/jdk1.8/jre/bin;E:/java/jdk1.8/jre/lib/amd64;E:\64Œª\adt-bundle-windows-x86_64-20131030-win64\adt-bundle-windows-x86_64-20131030\sdk\platform-tools;E:\java\jdk1.8\jre\bin;E:\java\jdk1.8\bin;C:\Android;C:\Windows\System32;C:\Program Files (x86)\MySQL\MySQL Server 5.5\bin;E:\MariaDB 10.3\bin;;%SystemRoot%\system32;%SystemRoot%;%SystemRoot%\System32\Wbem;%SYSTEMROOT%\System32\WindowsPowerShell\v1.0\;%SYSTEMROOT%\System32\OpenSSH\;C:\Users\pizzafast\AppData\Local\Microsoft\WindowsApps;"E:\java\jdk1.8\bin;E:\java\jdk1.8\jre\bin;";;D:\Eclipsemars\eclipse;
USERNAME=pizzafast
OS=Windows_NT
PROCESSOR_IDENTIFIER=Intel64 Family 6 Model 94 Stepping 3, GenuineIntel



---------------  S Y S T E M  ---------------

OS: Windows 10.0 , 64 bit Build 18362 (10.0.18362.329)

CPU:total 4 (4 cores per cpu, 1 threads per core) family 6 model 94 stepping 3, cmov, cx8, fxsr, mmx, sse, sse2, sse3, ssse3, sse4.1, sse4.2, popcnt, avx, avx2, aes, clmul, erms, rtm, 3dnowpref, lzcnt, tsc, tscinvbit, bmi1, bmi2, adx

Memory: 4k page, physical 8178668k(281664k free), swap 16042984k(9204k free)

vm_info: Java HotSpot(TM) 64-Bit Server VM (25.102-b14) for windows-amd64 JRE (1.8.0_102-b14), built on Jun 22 2016 13:15:21 by "java_re" with MS VC++ 10.0 (VS2010)

time: Fri Oct 04 13:44:39 2019
elapsed time: 7 seconds (0d 0h 0m 7s)

