#
# There is insufficient memory for the Java Runtime Environment to continue.
# Native memory allocation (malloc) failed to allocate 1120656 bytes for Chunk::new
# Possible reasons:
#   The system is out of physical RAM or swap space
#   In 32 bit mode, the process size limit was hit
# Possible solutions:
#   Reduce memory load on the system
#   Increase physical memory or swap space
#   Check if swap backing store is full
#   Use 64 bit Java on a 64 bit OS
#   Decrease Java heap size (-Xmx/-Xms)
#   Decrease number of Java threads
#   Decrease Java thread stack sizes (-Xss)
#   Set larger code cache with -XX:ReservedCodeCacheSize=
# This output file may be truncated or incomplete.
#
#  Out of Memory Error (allocation.cpp:390), pid=12376, tid=0x0000000000003edc
#
# JRE version: Java(TM) SE Runtime Environment (8.0_102-b14) (build 1.8.0_102-b14)
# Java VM: Java HotSpot(TM) 64-Bit Server VM (25.102-b14 mixed mode windows-amd64 compressed oops)
# Failed to write core dump. Minidumps are not enabled by default on client versions of Windows
#

---------------  T H R E A D  ---------------

Current thread (0x0000000018147000):  JavaThread "C2 CompilerThread1" daemon [_thread_in_native, id=16092, stack(0x0000000019b40000,0x0000000019c40000)]

Stack: [0x0000000019b40000,0x0000000019c40000]
[error occurred during error reporting (printing stack bounds), id 0xc0000005]

Native frames: (J=compiled Java code, j=interpreted, Vv=VM code, C=native code)


Current CompileTask:
C2:   3959 2920   !   4       java.net.URLClassLoader$1::run (63 bytes)


---------------  P R O C E S S  ---------------

Java Threads: ( => current thread )
  0x0000000019475800 JavaThread "Service Thread" daemon [_thread_blocked, id=20372, stack(0x0000000019d40000,0x0000000019e40000)]
  0x000000001814a800 JavaThread "C1 CompilerThread2" daemon [_thread_blocked, id=4644, stack(0x0000000019c40000,0x0000000019d40000)]
=>0x0000000018147000 JavaThread "C2 CompilerThread1" daemon [_thread_in_native, id=16092, stack(0x0000000019b40000,0x0000000019c40000)]
  0x0000000018144800 JavaThread "C2 CompilerThread0" daemon [_thread_in_native, id=20996, stack(0x0000000019a40000,0x0000000019b40000)]
  0x00000000180ff800 JavaThread "Attach Listener" daemon [_thread_blocked, id=9792, stack(0x0000000019940000,0x0000000019a40000)]
  0x0000000019450800 JavaThread "Signal Dispatcher" daemon [_thread_blocked, id=17300, stack(0x0000000019840000,0x0000000019940000)]
  0x0000000003698000 JavaThread "Finalizer" daemon [_thread_blocked, id=18532, stack(0x0000000019340000,0x0000000019440000)]
  0x0000000003692800 JavaThread "Reference Handler" daemon [_thread_blocked, id=21500, stack(0x0000000019240000,0x0000000019340000)]
  0x00000000035a0800 JavaThread "main" [_thread_in_native, id=1860, stack(0x0000000003480000,0x0000000003580000)]

Other Threads:
  0x00000000180b7000 VMThread [stack: 0x0000000019140000,0x0000000019240000] [id=14816]
  0x000000001950d000 WatcherThread [stack: 0x0000000019e40000,0x0000000019f40000] [id=8620]

VM state:not at safepoint (normal execution)

VM Mutex/Monitor currently owned by a thread: None

Heap:
 PSYoungGen      total 70656K, used 38460K [0x00000000d6600000, 0x00000000db000000, 0x0000000100000000)
  eden space 65536K, 50% used [0x00000000d6600000,0x00000000d86952d8,0x00000000da600000)
  from space 5120K, 99% used [0x00000000dab00000,0x00000000daffa020,0x00000000db000000)
  to   space 5120K, 0% used [0x00000000da600000,0x00000000da600000,0x00000000dab00000)
 ParOldGen       total 86016K, used 7390K [0x0000000083200000, 0x0000000088600000, 0x00000000d6600000)
  object space 86016K, 8% used [0x0000000083200000,0x0000000083937af8,0x0000000088600000)
 Metaspace       used 19136K, capacity 19584K, committed 19712K, reserved 1067008K
  class space    used 2348K, capacity 2460K, committed 2560K, reserved 1048576K

Card table byte_map: [0x0000000012a60000,0x0000000012e50000] byte_map_base: 0x0000000012647000

Marking Bits: (ParMarkBitMap*) 0x0000000072e6a6c0
 Begin Bits: [0x00000000134f0000, 0x0000000015428000)
 End Bits:   [0x0000000015428000, 0x0000000017360000)

Polling page: 0x0000000001470000

CodeCache: size=245760Kb used=10067Kb max_used=10072Kb free=235692Kb
 bounds [0x00000000036a0000, 0x0000000004090000, 0x00000000126a0000]
 total_blobs=3277 nmethods=2918 adapters=271
 compilation: enabled

Compilation events (10 events):
Event: 3.708 Thread 0x000000001814a800 nmethod 2915 0x000000000407af90 code [0x000000000407b120, 0x000000000407b4c8]
Event: 3.708 Thread 0x000000001814a800 2918       3       com.sun.tools.javac.util.Convert::chars2utf (159 bytes)
Event: 3.708 Thread 0x0000000018147000 2919       4       java.util.AbstractCollection::<init> (5 bytes)
Event: 3.709 Thread 0x000000001814a800 nmethod 2918 0x000000000407a650 code [0x000000000407a7e0, 0x000000000407abd0]
Event: 3.709 Thread 0x000000001814a800 2916       3       com.sun.tools.javac.util.List::nil (4 bytes)
Event: 3.709 Thread 0x0000000018147000 nmethod 2919 0x000000000406f210 code [0x000000000406f340, 0x000000000406f398]
Event: 3.709 Thread 0x000000001814a800 nmethod 2916 0x000000000407a350 code [0x000000000407a4a0, 0x000000000407a5d0]
Event: 3.709 Thread 0x000000001814a800 2917       3       com.sun.tools.javac.code.AnnoConstruct::<init> (5 bytes)
Event: 3.709 Thread 0x000000001814a800 nmethod 2917 0x0000000004079f90 code [0x000000000407a0e0, 0x000000000407a290]
Event: 3.806 Thread 0x0000000018147000 2920   !   4       java.net.URLClassLoader$1::run (63 bytes)

GC Heap History (8 events):
Event: 0.698 GC heap before
{Heap before GC invocations=1 (full 0):
 PSYoungGen      total 37888K, used 32768K [0x00000000d6600000, 0x00000000d9000000, 0x0000000100000000)
  eden space 32768K, 100% used [0x00000000d6600000,0x00000000d8600000,0x00000000d8600000)
  from space 5120K, 0% used [0x00000000d8b00000,0x00000000d8b00000,0x00000000d9000000)
  to   space 5120K, 0% used [0x00000000d8600000,0x00000000d8600000,0x00000000d8b00000)
 ParOldGen       total 86016K, used 0K [0x0000000083200000, 0x0000000088600000, 0x00000000d6600000)
  object space 86016K, 0% used [0x0000000083200000,0x0000000083200000,0x0000000088600000)
 Metaspace       used 7951K, capacity 8136K, committed 8320K, reserved 1056768K
  class space    used 990K, capacity 1052K, committed 1152K, reserved 1048576K
Event: 0.704 GC heap after
Heap after GC invocations=1 (full 0):
 PSYoungGen      total 37888K, used 5107K [0x00000000d6600000, 0x00000000d9000000, 0x0000000100000000)
  eden space 32768K, 0% used [0x00000000d6600000,0x00000000d6600000,0x00000000d8600000)
  from space 5120K, 99% used [0x00000000d8600000,0x00000000d8afcc30,0x00000000d8b00000)
  to   space 5120K, 0% used [0x00000000d8b00000,0x00000000d8b00000,0x00000000d9000000)
 ParOldGen       total 86016K, used 87K [0x0000000083200000, 0x0000000088600000, 0x00000000d6600000)
  object space 86016K, 0% used [0x0000000083200000,0x0000000083215df0,0x0000000088600000)
 Metaspace       used 7951K, capacity 8136K, committed 8320K, reserved 1056768K
  class space    used 990K, capacity 1052K, committed 1152K, reserved 1048576K
}
Event: 1.150 GC heap before
{Heap before GC invocations=2 (full 0):
 PSYoungGen      total 37888K, used 37875K [0x00000000d6600000, 0x00000000d9000000, 0x0000000100000000)
  eden space 32768K, 100% used [0x00000000d6600000,0x00000000d8600000,0x00000000d8600000)
  from space 5120K, 99% used [0x00000000d8600000,0x00000000d8afcc30,0x00000000d8b00000)
  to   space 5120K, 0% used [0x00000000d8b00000,0x00000000d8b00000,0x00000000d9000000)
 ParOldGen       total 86016K, used 87K [0x0000000083200000, 0x0000000088600000, 0x00000000d6600000)
  object space 86016K, 0% used [0x0000000083200000,0x0000000083215df0,0x0000000088600000)
 Metaspace       used 12261K, capacity 12480K, committed 12672K, reserved 1060864K
  class space    used 1556K, capacity 1642K, committed 1664K, reserved 1048576K
Event: 1.159 GC heap after
Heap after GC invocations=2 (full 0):
 PSYoungGen      total 37888K, used 5117K [0x00000000d6600000, 0x00000000db000000, 0x0000000100000000)
  eden space 32768K, 0% used [0x00000000d6600000,0x00000000d6600000,0x00000000d8600000)
  from space 5120K, 99% used [0x00000000d8b00000,0x00000000d8fff560,0x00000000d9000000)
  to   space 5120K, 0% used [0x00000000d8600000,0x00000000d8600000,0x00000000d8b00000)
 ParOldGen       total 86016K, used 2787K [0x0000000083200000, 0x0000000088600000, 0x00000000d6600000)
  object space 86016K, 3% used [0x0000000083200000,0x00000000834b8d18,0x0000000088600000)
 Metaspace       used 12261K, capacity 12480K, committed 12672K, reserved 1060864K
  class space    used 1556K, capacity 1642K, committed 1664K, reserved 1048576K
}
Event: 1.932 GC heap before
{Heap before GC invocations=3 (full 0):
 PSYoungGen      total 37888K, used 37885K [0x00000000d6600000, 0x00000000db000000, 0x0000000100000000)
  eden space 32768K, 100% used [0x00000000d6600000,0x00000000d8600000,0x00000000d8600000)
  from space 5120K, 99% used [0x00000000d8b00000,0x00000000d8fff560,0x00000000d9000000)
  to   space 5120K, 0% used [0x00000000d8600000,0x00000000d8600000,0x00000000d8b00000)
 ParOldGen       total 86016K, used 2787K [0x0000000083200000, 0x0000000088600000, 0x00000000d6600000)
  object space 86016K, 3% used [0x0000000083200000,0x00000000834b8d18,0x0000000088600000)
 Metaspace       used 14711K, capacity 14944K, committed 15232K, reserved 1062912K
  class space    used 1802K, capacity 1914K, committed 1920K, reserved 1048576K
Event: 1.956 GC heap after
Heap after GC invocations=3 (full 0):
 PSYoungGen      total 37888K, used 5112K [0x00000000d6600000, 0x00000000db000000, 0x0000000100000000)
  eden space 32768K, 0% used [0x00000000d6600000,0x00000000d6600000,0x00000000d8600000)
  from space 5120K, 99% used [0x00000000d8600000,0x00000000d8afe050,0x00000000d8b00000)
  to   space 5120K, 0% used [0x00000000dab00000,0x00000000dab00000,0x00000000db000000)
 ParOldGen       total 86016K, used 5140K [0x0000000083200000, 0x0000000088600000, 0x00000000d6600000)
  object space 86016K, 5% used [0x0000000083200000,0x0000000083705158,0x0000000088600000)
 Metaspace       used 14711K, capacity 14944K, committed 15232K, reserved 1062912K
  class space    used 1802K, capacity 1914K, committed 1920K, reserved 1048576K
}
Event: 2.956 GC heap before
{Heap before GC invocations=4 (full 0):
 PSYoungGen      total 37888K, used 37880K [0x00000000d6600000, 0x00000000db000000, 0x0000000100000000)
  eden space 32768K, 100% used [0x00000000d6600000,0x00000000d8600000,0x00000000d8600000)
  from space 5120K, 99% used [0x00000000d8600000,0x00000000d8afe050,0x00000000d8b00000)
  to   space 5120K, 0% used [0x00000000dab00000,0x00000000dab00000,0x00000000db000000)
 ParOldGen       total 86016K, used 5140K [0x0000000083200000, 0x0000000088600000, 0x00000000d6600000)
  object space 86016K, 5% used [0x0000000083200000,0x0000000083705158,0x0000000088600000)
 Metaspace       used 15788K, capacity 16156K, committed 16384K, reserved 1062912K
  class space    used 1905K, capacity 1996K, committed 2048K, reserved 1048576K
Event: 2.970 GC heap after
Heap after GC invocations=4 (full 0):
 PSYoungGen      total 70656K, used 5096K [0x00000000d6600000, 0x00000000db000000, 0x0000000100000000)
  eden space 65536K, 0% used [0x00000000d6600000,0x00000000d6600000,0x00000000da600000)
  from space 5120K, 99% used [0x00000000dab00000,0x00000000daffa020,0x00000000db000000)
  to   space 5120K, 0% used [0x00000000da600000,0x00000000da600000,0x00000000dab00000)
 ParOldGen       total 86016K, used 7390K [0x0000000083200000, 0x0000000088600000, 0x00000000d6600000)
  object space 86016K, 8% used [0x0000000083200000,0x0000000083937af8,0x0000000088600000)
 Metaspace       used 15788K, capacity 16156K, committed 16384K, reserved 1062912K
  class space    used 1905K, capacity 1996K, committed 2048K, reserved 1048576K
}

Deoptimization events (10 events):
Event: 1.848 Thread 0x00000000035a0800 Uncommon trap: reason=class_check action=maybe_recompile pc=0x0000000003cadbb0 method=java.util.regex.Pattern$CharProperty$1.isSatisfiedBy(I)Z @ 5
Event: 1.979 Thread 0x00000000035a0800 Uncommon trap: reason=unstable_if action=reinterpret pc=0x0000000003d99938 method=org.codehaus.plexus.util.xml.pull.MXParser.parseAttribute()C @ 762
Event: 2.066 Thread 0x00000000035a0800 Uncommon trap: reason=speculate_class_check action=maybe_recompile pc=0x0000000003d496dc method=java.nio.charset.CharsetDecoder.decode(Ljava/nio/ByteBuffer;Ljava/nio/CharBuffer;Z)Ljava/nio/charset/CoderResult; @ 57
Event: 2.066 Thread 0x00000000035a0800 Uncommon trap: reason=speculate_class_check action=maybe_recompile pc=0x0000000003d496dc method=java.nio.charset.CharsetDecoder.decode(Ljava/nio/ByteBuffer;Ljava/nio/CharBuffer;Z)Ljava/nio/charset/CoderResult; @ 57
Event: 2.142 Thread 0x00000000035a0800 Uncommon trap: reason=unstable_if action=reinterpret pc=0x0000000003a05344 method=java.util.HashMap.getNode(ILjava/lang/Object;)Ljava/util/HashMap$Node; @ 53
Event: 2.238 Thread 0x00000000035a0800 Uncommon trap: reason=bimorphic action=maybe_recompile pc=0x0000000003ba4ee4 method=java.util.regex.Pattern$CharProperty.match(Ljava/util/regex/Matcher;ILjava/lang/CharSequence;)Z @ 37
Event: 2.273 Thread 0x00000000035a0800 Uncommon trap: reason=unstable_if action=reinterpret pc=0x0000000003dd24c0 method=java.util.ArrayList.remove(Ljava/lang/Object;)Z @ 46
Event: 2.816 Thread 0x00000000035a0800 Uncommon trap: reason=bimorphic action=maybe_recompile pc=0x0000000003ba4ee4 method=java.util.regex.Pattern$CharProperty.match(Ljava/util/regex/Matcher;ILjava/lang/CharSequence;)Z @ 37
Event: 3.270 Thread 0x00000000035a0800 Uncommon trap: reason=bimorphic action=maybe_recompile pc=0x0000000003ba4ee4 method=java.util.regex.Pattern$CharProperty.match(Ljava/util/regex/Matcher;ILjava/lang/CharSequence;)Z @ 37
Event: 3.511 Thread 0x00000000035a0800 Uncommon trap: reason=unstable_if action=reinterpret pc=0x0000000003990398 method=sun.net.www.ParseUtil.encodePath(Ljava/lang/String;Z)Ljava/lang/String; @ 109

Internal exceptions (10 events):
Event: 1.258 Thread 0x00000000035a0800 Exception <a 'java/lang/NullPointerException'> (0x00000000d6aa38b8) thrown at [C:\re\workspace\8-2-build-windows-amd64-cygwin\jdk8u102\7268\hotspot\src\share\vm\interpreter\linkResolver.cpp, line 1178]
Event: 1.258 Thread 0x00000000035a0800 Exception <a 'java/lang/NullPointerException'> (0x00000000d6aa3ad0) thrown at [C:\re\workspace\8-2-build-windows-amd64-cygwin\jdk8u102\7268\hotspot\src\share\vm\interpreter\linkResolver.cpp, line 1178]
Event: 1.258 Thread 0x00000000035a0800 Exception <a 'java/lang/NullPointerException'> (0x00000000d6ab36f8) thrown at [C:\re\workspace\8-2-build-windows-amd64-cygwin\jdk8u102\7268\hotspot\src\share\vm\interpreter\linkResolver.cpp, line 1178]
Event: 1.258 Thread 0x00000000035a0800 Exception <a 'java/lang/NullPointerException'> (0x00000000d6ab3910) thrown at [C:\re\workspace\8-2-build-windows-amd64-cygwin\jdk8u102\7268\hotspot\src\share\vm\interpreter\linkResolver.cpp, line 1178]
Event: 1.258 Thread 0x00000000035a0800 Exception <a 'java/lang/NullPointerException'> (0x00000000d6ab3b28) thrown at [C:\re\workspace\8-2-build-windows-amd64-cygwin\jdk8u102\7268\hotspot\src\share\vm\interpreter\linkResolver.cpp, line 1178]
Event: 1.558 Thread 0x00000000035a0800 Implicit null exception at 0x0000000003a1edd5 to 0x0000000003a1efad
Event: 1.559 Thread 0x00000000035a0800 Implicit null exception at 0x0000000003966b6f to 0x0000000003966bd9
Event: 1.562 Thread 0x00000000035a0800 Implicit null exception at 0x0000000003c4ae59 to 0x0000000003c4b269
Event: 1.603 Thread 0x00000000035a0800 Implicit null exception at 0x00000000039bb97b to 0x00000000039bbf71
Event: 3.333 Thread 0x00000000035a0800 Exception <a 'java/lang/ClassNotFoundException': com/sun/tools/javac/api/JavacTool> (0x00000000d7daed10) thrown at [C:\re\workspace\8-2-build-windows-amd64-cygwin\jdk8u102\7268\hotspot\src\share\vm\classfile\systemDictionary.cpp, line 210]

Events (10 events):
Event: 3.806 loading class com/sun/tools/javac/code/TypeAnnotations
Event: 3.806 loading class com/sun/tools/javac/code/TypeAnnotations done
Event: 3.807 loading class com/sun/tools/javac/code/DeferredLintHandler
Event: 3.807 loading class com/sun/tools/javac/code/DeferredLintHandler done
Event: 3.807 loading class com/sun/tools/javac/code/DeferredLintHandler$1
Event: 3.807 loading class com/sun/tools/javac/code/DeferredLintHandler$1 done
Event: 3.807 loading class com/sun/tools/javac/comp/Infer
Event: 3.807 loading class com/sun/tools/javac/comp/Infer done
Event: 3.808 loading class com/sun/tools/javac/comp/Infer$IncorporationStep
Event: 3.808 loading class com/sun/tools/javac/comp/Infer$IncorporationStep done


Dynamic libraries:
0x00007ff618050000 - 0x00007ff618087000 	E:\java\jdk1.8\bin\javaw.exe
0x00007ffb1b940000 - 0x00007ffb1bb30000 	C:\WINDOWS\SYSTEM32\ntdll.dll
0x00007ffb1aad0000 - 0x00007ffb1ab82000 	C:\WINDOWS\System32\KERNEL32.DLL
0x00007ffb18df0000 - 0x00007ffb19093000 	C:\WINDOWS\System32\KERNELBASE.dll
0x00007ffb19c30000 - 0x00007ffb19cd3000 	C:\WINDOWS\System32\ADVAPI32.dll
0x00007ffb1b4c0000 - 0x00007ffb1b55e000 	C:\WINDOWS\System32\msvcrt.dll
0x00007ffb1b560000 - 0x00007ffb1b5f7000 	C:\WINDOWS\System32\sechost.dll
0x00007ffb1b600000 - 0x00007ffb1b720000 	C:\WINDOWS\System32\RPCRT4.dll
0x00007ffb199f0000 - 0x00007ffb19b83000 	C:\WINDOWS\System32\USER32.dll
0x00007ffb190a0000 - 0x00007ffb190c1000 	C:\WINDOWS\System32\win32u.dll
0x00007ffb1a6e0000 - 0x00007ffb1a706000 	C:\WINDOWS\System32\GDI32.dll
0x00007ffb19850000 - 0x00007ffb199e4000 	C:\WINDOWS\System32\gdi32full.dll
0x00007ffb18d50000 - 0x00007ffb18dee000 	C:\WINDOWS\System32\msvcp_win.dll
0x00007ffb18c50000 - 0x00007ffb18d4a000 	C:\WINDOWS\System32\ucrtbase.dll
0x00007ffb08660000 - 0x00007ffb088e5000 	C:\WINDOWS\WinSxS\amd64_microsoft.windows.common-controls_6595b64144ccf1df_6.0.18362.356_none_e6c4af7d130f27cc\COMCTL32.dll
0x00007ffb1a790000 - 0x00007ffb1aac6000 	C:\WINDOWS\System32\combase.dll
0x00007ffb18b80000 - 0x00007ffb18c00000 	C:\WINDOWS\System32\bcryptPrimitives.dll
0x00007ffb19f00000 - 0x00007ffb19f2e000 	C:\WINDOWS\System32\IMM32.DLL
0x0000000072ef0000 - 0x0000000072fc1000 	E:\java\jdk1.8\jre\bin\msvcr100.dll
0x0000000072650000 - 0x0000000072eea000 	E:\java\jdk1.8\jre\bin\server\jvm.dll
0x00007ffb1a780000 - 0x00007ffb1a788000 	C:\WINDOWS\System32\PSAPI.DLL
0x00007ffb12950000 - 0x00007ffb12974000 	C:\WINDOWS\SYSTEM32\WINMM.dll
0x00007ffb052e0000 - 0x00007ffb052ea000 	C:\WINDOWS\SYSTEM32\VERSION.dll
0x00007ffafe440000 - 0x00007ffafe449000 	C:\WINDOWS\SYSTEM32\WSOCK32.dll
0x00007ffb1a710000 - 0x00007ffb1a77f000 	C:\WINDOWS\System32\WS2_32.dll
0x00007ffb12830000 - 0x00007ffb1285d000 	C:\WINDOWS\SYSTEM32\winmmbase.dll
0x00007ffb18b30000 - 0x00007ffb18b7a000 	C:\WINDOWS\System32\cfgmgr32.dll
0x00000000721b0000 - 0x00000000721bf000 	E:\java\jdk1.8\jre\bin\verify.dll
0x0000000072180000 - 0x00000000721a9000 	E:\java\jdk1.8\jre\bin\java.dll
0x0000000072160000 - 0x0000000072176000 	E:\java\jdk1.8\jre\bin\zip.dll
0x00007ffb19f90000 - 0x00007ffb1a675000 	C:\WINDOWS\System32\SHELL32.dll
0x00007ffb1ab90000 - 0x00007ffb1ac39000 	C:\WINDOWS\System32\shcore.dll
0x00007ffb190d0000 - 0x00007ffb1984e000 	C:\WINDOWS\System32\windows.storage.dll
0x00007ffb188b0000 - 0x00007ffb188cf000 	C:\WINDOWS\System32\profapi.dll
0x00007ffb18840000 - 0x00007ffb1888a000 	C:\WINDOWS\System32\powrprof.dll
0x00007ffb18810000 - 0x00007ffb18820000 	C:\WINDOWS\System32\UMPDC.dll
0x00007ffb19cf0000 - 0x00007ffb19d42000 	C:\WINDOWS\System32\shlwapi.dll
0x00007ffb18820000 - 0x00007ffb18831000 	C:\WINDOWS\System32\kernel.appcore.dll
0x00007ffb18c30000 - 0x00007ffb18c47000 	C:\WINDOWS\System32\cryptsp.dll
0x00000000720f0000 - 0x000000007210a000 	E:\java\jdk1.8\jre\bin\net.dll
0x00007ffb18080000 - 0x00007ffb180e7000 	C:\WINDOWS\system32\mswsock.dll
0x0000000071da0000 - 0x0000000071db1000 	E:\java\jdk1.8\jre\bin\nio.dll

VM Arguments:
jvm_args: -Dmaven.home=E:\maven\soft\apache-maven-3.3.3 -Dclassworlds.conf=D:\Eclipsemars\workspace\.metadata\.plugins\org.eclipse.m2e.launching\launches\m2conf3944276935804161272.tmp -Dmaven.multiModuleProjectDirectory=D:\Eclipsemars\workspace\ego-parent\ego-portal -Dfile.encoding=UTF-8 
java_command: org.codehaus.plexus.classworlds.launcher.Launcher -B -s E:\maven\soft\apache-maven-3.3.3\conf\settings.xml clean tomcat7:run
java_class_path (initial): E:\maven\soft\apache-maven-3.3.3\boot\plexus-classworlds-2.5.2.jar
Launcher Type: SUN_STANDARD

Environment Variables:
JAVA_HOME=E:\java\jdk1.8
CLASSPATH=.;E:\java\jdk1.8\lib;E:\java\jdk1.8\lib\dt.jar;E:\java\jdk1.8\lib\tools.jar
PATH=E:/java/jdk1.8/jre/bin/server;E:/java/jdk1.8/jre/bin;E:/java/jdk1.8/jre/lib/amd64;E:\64λ\adt-bundle-windows-x86_64-20131030-win64\adt-bundle-windows-x86_64-20131030\sdk\platform-tools;E:\java\jdk1.8\jre\bin;E:\java\jdk1.8\bin;C:\Android;C:\Windows\System32;C:\Program Files (x86)\MySQL\MySQL Server 5.5\bin;E:\MariaDB 10.3\bin;;%SystemRoot%\system32;%SystemRoot%;%SystemRoot%\System32\Wbem;%SYSTEMROOT%\System32\WindowsPowerShell\v1.0\;%SYSTEMROOT%\System32\OpenSSH\;C:\Users\pizzafast\AppData\Local\Microsoft\WindowsApps;"E:\java\jdk1.8\bin;E:\java\jdk1.8\jre\bin;";;D:\Eclipsemars\eclipse;
USERNAME=pizzafast
OS=Windows_NT
PROCESSOR_IDENTIFIER=Intel64 Family 6 Model 94 Stepping 3, GenuineIntel



---------------  S Y S T E M  ---------------

OS: Windows 10.0 , 64 bit Build 18362 (10.0.18362.329)

CPU:total 4 (4 cores per cpu, 1 threads per core) family 6 model 94 stepping 3, cmov, cx8, fxsr, mmx, sse, sse2, sse3, ssse3, sse4.1, sse4.2, popcnt, avx, avx2, aes, clmul, erms, rtm, 3dnowpref, lzcnt, tsc, tscinvbit, bmi1, bmi2, adx

Memory: 4k page, physical 8178668k(271616k free), swap 16042984k(3732k free)

vm_info: Java HotSpot(TM) 64-Bit Server VM (25.102-b14) for windows-amd64 JRE (1.8.0_102-b14), built on Jun 22 2016 13:15:21 by "java_re" with MS VC++ 10.0 (VS2010)

time: Fri Oct 04 13:43:10 2019
elapsed time: 3 seconds (0d 0h 0m 3s)

